d:\work\projects\cpp\nge\proj\nge\debug\vc141.pdb
d:\work\projects\cpp\nge\proj\nge\debug\vc141.idb
d:\work\projects\cpp\nge\proj\nge\debug\eobject.obj
d:\work\projects\cpp\nge\proj\nge\debug\gameobjectmanager.obj
d:\work\projects\cpp\nge\proj\nge\debug\input.obj
d:\work\projects\cpp\nge\proj\nge\debug\logger.obj
d:\work\projects\cpp\nge\proj\nge\debug\maingame.obj
d:\work\projects\cpp\nge\proj\nge\debug\maintest.obj
d:\work\projects\cpp\nge\proj\nge\debug\application.obj
d:\work\projects\cpp\nge\proj\nge\debug\material.obj
d:\work\projects\cpp\nge\proj\nge\debug\render2d.obj
d:\work\projects\cpp\nge\proj\nge\debug\shader.obj
d:\work\projects\cpp\nge\proj\nge\debug\sprite.obj
d:\work\projects\cpp\nge\proj\nge\debug\system.obj
d:\work\projects\cpp\nge\proj\nge\debug\time.obj
d:\work\projects\cpp\nge\proj\nge\debug\transform.obj
d:\work\projects\cpp\nge\proj\nge\debug\window.obj
d:\work\projects\cpp\nge\proj\nge\debug\nge.ilk
d:\work\projects\cpp\nge\proj\nge\debug\nge.exe
d:\work\projects\cpp\nge\proj\nge\debug\nge.pdb
d:\work\projects\cpp\nge\proj\nge\debug\nge.tlog\cl.command.1.tlog
d:\work\projects\cpp\nge\proj\nge\debug\nge.tlog\cl.read.1.tlog
d:\work\projects\cpp\nge\proj\nge\debug\nge.tlog\cl.write.1.tlog
d:\work\projects\cpp\nge\proj\nge\debug\nge.tlog\link.command.1.tlog
d:\work\projects\cpp\nge\proj\nge\debug\nge.tlog\link.read.1.tlog
d:\work\projects\cpp\nge\proj\nge\debug\nge.tlog\link.write.1.tlog
