  EObject.cpp
  GameObjectManager.cpp
  Input.cpp
  Logger.cpp
  MainGame.cpp
  MainTest.cpp
d:\work\projects\nge\proj\nge\Buber.h(15): warning C4244: 'argument': conversion from 'time_t' to 'unsigned int', possible loss of data
  Application.cpp
  Material.cpp
  Render2D.cpp
  Shader.cpp
  Sprite.cpp
  System.cpp
  Time.cpp
  transform.cpp
  Window.cpp
  Generating code
  All 1041 functions were compiled because no usable IPDB/IOBJ from previous compilation was found.
  Finished generating code
  NGE.vcxproj -> D:\Work\projects\NGE\proj\NGE\Release\NGE.exe
  NGE.vcxproj -> D:\Work\projects\NGE\proj\NGE\Release\NGE.pdb (Full PDB)
