d:\work\projects\nge\proj\nge\release\vc141.pdb
d:\work\projects\nge\proj\nge\release\window.obj
d:\work\projects\nge\proj\nge\release\transform.obj
d:\work\projects\nge\proj\nge\release\time.obj
d:\work\projects\nge\proj\nge\release\system.obj
d:\work\projects\nge\proj\nge\release\sprite.obj
d:\work\projects\nge\proj\nge\release\shader.obj
d:\work\projects\nge\proj\nge\release\render2d.obj
d:\work\projects\nge\proj\nge\release\material.obj
d:\work\projects\nge\proj\nge\release\application.obj
d:\work\projects\nge\proj\nge\release\maintest.obj
d:\work\projects\nge\proj\nge\release\maingame.obj
d:\work\projects\nge\proj\nge\release\logger.obj
d:\work\projects\nge\proj\nge\release\input.obj
d:\work\projects\nge\proj\nge\release\gameobjectmanager.obj
d:\work\projects\nge\proj\nge\release\eobject.obj
d:\work\projects\nge\proj\nge\release\nge.tlog\cl.command.1.tlog
d:\work\projects\nge\proj\nge\release\nge.tlog\cl.read.1.tlog
d:\work\projects\nge\proj\nge\release\nge.tlog\cl.write.1.tlog
d:\work\projects\nge\proj\nge\release\nge.tlog\link.command.1.tlog
d:\work\projects\nge\proj\nge\release\nge.tlog\link.read.1.tlog
d:\work\projects\nge\proj\nge\release\nge.tlog\link.write.1.tlog
